# JRE version: OpenJDK Runtime Environment Microsoft-8035246 (17.0.8+7) (build 17.0.8+7-LTS)
# Java VM: OpenJDK 64-Bit Server VM Microsoft-8035246 (17.0.8+7-LTS, mixed mode, sharing, tiered, compressed oops, compressed class ptrs, g1 gc, windows-amd64)
GC Precious Log:
 CPUs: 4 total, 4 available
 Memory: 8077M
 Large Page Support: Disabled
 NUMA Support: Disabled
 Compressed Oops: Enabled (32-bit)
 Heap Region Size: 1M
 Heap Min Capacity: 8M
 Heap Initial Capacity: 128M
 Heap Max Capacity: 2G
 Pre-touch: Disabled
 Parallel Workers: 4
 Concurrent Workers: 1
 Concurrent Refinement Workers: 4
 Periodic GC: Disabled
Heap:
 garbage-first heap   total 229376K, used 168017K [0x0000000080000000, 0x0000000100000000)
  region size 1024K, 12 young (12288K), 2 survivors (2048K)
 Metaspace       used 98056K, committed 99008K, reserved 557056K
  class space    used 13699K, committed 14144K, reserved 425984K
GC Heap History (20 events):
Event: 105.182 GC heap before
{Heap before GC invocations=68 (full 0):
 garbage-first heap   total 190464K, used 166396K [0x0000000080000000, 0x0000000100000000)
  region size 1024K, 17 young (17408K), 2 survivors (2048K)
 Metaspace       used 97684K, committed 98560K, reserved 557056K
  class space    used 13644K, committed 14080K, reserved 425984K
}
Event: 105.186 GC heap after
{Heap after GC invocations=69 (full 0):
 garbage-first heap   total 190464K, used 151464K [0x0000000080000000, 0x0000000100000000)
  region size 1024K, 2 young (2048K), 2 survivors (2048K)
 Metaspace       used 97684K, committed 98560K, reserved 557056K
  class space    used 13644K, committed 14080K, reserved 425984K
}
Event: 105.742 GC heap before
{Heap before GC invocations=69 (full 0):
 garbage-first heap   total 190464K, used 166824K [0x0000000080000000, 0x0000000100000000)
  region size 1024K, 17 young (17408K), 2 survivors (2048K)
 Metaspace       used 97938K, committed 98816K, reserved 557056K
  class space    used 13698K, committed 14144K, reserved 425984K
}
Event: 105.752 GC heap after
{Heap after GC invocations=70 (full 0):
 garbage-first heap   total 190464K, used 154337K [0x0000000080000000, 0x0000000100000000)
  region size 1024K, 3 young (3072K), 3 survivors (3072K)
 Metaspace       used 97938K, committed 98816K, reserved 557056K
  class space    used 13698K, committed 14144K, reserved 425984K
}
Event: 106.188 GC heap before
{Heap before GC invocations=70 (full 0):
 garbage-first heap   total 190464K, used 165601K [0x0000000080000000, 0x0000000100000000)
  region size 1024K, 14 young (14336K), 3 survivors (3072K)
 Metaspace       used 97956K, committed 98880K, reserved 557056K
  class space    used 13699K, committed 14144K, reserved 425984K
}
Event: 106.195 GC heap after
{Heap after GC invocations=71 (full 0):
 garbage-first heap   total 190464K, used 155287K [0x0000000080000000, 0x0000000100000000)
  region size 1024K, 1 young (1024K), 1 survivors (1024K)
 Metaspace       used 97956K, committed 98880K, reserved 557056K
  class space    used 13699K, committed 14144K, reserved 425984K
}
Event: 106.836 GC heap before
{Heap before GC invocations=71 (full 0):
 garbage-first heap   total 190464K, used 165527K [0x0000000080000000, 0x0000000100000000)
  region size 1024K, 12 young (12288K), 1 survivors (1024K)
 Metaspace       used 97956K, committed 98880K, reserved 557056K
  class space    used 13699K, committed 14144K, reserved 425984K
}
Event: 106.839 GC heap after
{Heap after GC invocations=72 (full 0):
 garbage-first heap   total 190464K, used 155537K [0x0000000080000000, 0x0000000100000000)
  region size 1024K, 2 young (2048K), 2 survivors (2048K)
 Metaspace       used 97956K, committed 98880K, reserved 557056K
  class space    used 13699K, committed 14144K, reserved 425984K
}
Event: 107.436 GC heap before
{Heap before GC invocations=72 (full 0):
 garbage-first heap   total 190464K, used 165777K [0x0000000080000000, 0x0000000100000000)
  region size 1024K, 12 young (12288K), 2 survivors (2048K)
 Metaspace       used 97956K, committed 98880K, reserved 557056K
  class space    used 13699K, committed 14144K, reserved 425984K
}
Event: 107.439 GC heap after
{Heap after GC invocations=73 (full 0):
 garbage-first heap   total 190464K, used 155946K [0x0000000080000000, 0x0000000100000000)
  region size 1024K, 2 young (2048K), 2 survivors (2048K)
 Metaspace       used 97956K, committed 98880K, reserved 557056K
  class space    used 13699K, committed 14144K, reserved 425984K
}
Event: 107.943 GC heap before
{Heap before GC invocations=73 (full 0):
 garbage-first heap   total 190464K, used 167210K [0x0000000080000000, 0x0000000100000000)
  region size 1024K, 13 young (13312K), 2 survivors (2048K)
 Metaspace       used 97956K, committed 98880K, reserved 557056K
  class space    used 13699K, committed 14144K, reserved 425984K
}
Event: 107.946 GC heap after
{Heap after GC invocations=74 (full 0):
 garbage-first heap   total 190464K, used 156538K [0x0000000080000000, 0x0000000100000000)
  region size 1024K, 2 young (2048K), 2 survivors (2048K)
 Metaspace       used 97956K, committed 98880K, reserved 557056K
  class space    used 13699K, committed 14144K, reserved 425984K
}
Event: 108.709 GC heap before
{Heap before GC invocations=74 (full 0):
 garbage-first heap   total 190464K, used 170874K [0x0000000080000000, 0x0000000100000000)
  region size 1024K, 12 young (12288K), 2 survivors (2048K)
 Metaspace       used 97983K, committed 98944K, reserved 557056K
  class space    used 13699K, committed 14144K, reserved 425984K
}
Event: 108.713 GC heap after
{Heap after GC invocations=75 (full 0):
 garbage-first heap   total 190464K, used 161496K [0x0000000080000000, 0x0000000100000000)
  region size 1024K, 2 young (2048K), 2 survivors (2048K)
 Metaspace       used 97983K, committed 98944K, reserved 557056K
  class space    used 13699K, committed 14144K, reserved 425984K
}
Event: 108.840 GC heap before
{Heap before GC invocations=75 (full 0):
 garbage-first heap   total 190464K, used 167640K [0x0000000080000000, 0x0000000100000000)
  region size 1024K, 9 young (9216K), 2 survivors (2048K)
 Metaspace       used 98018K, committed 98944K, reserved 557056K
  class space    used 13699K, committed 14144K, reserved 425984K
}
Event: 108.845 GC heap after
{Heap after GC invocations=76 (full 0):
 garbage-first heap   total 190464K, used 158707K [0x0000000080000000, 0x0000000100000000)
  region size 1024K, 2 young (2048K), 2 survivors (2048K)
 Metaspace       used 98018K, committed 98944K, reserved 557056K
  class space    used 13699K, committed 14144K, reserved 425984K
}
Event: 109.170 GC heap before
{Heap before GC invocations=76 (full 0):
 garbage-first heap   total 190464K, used 165875K [0x0000000080000000, 0x0000000100000000)
  region size 1024K, 10 young (10240K), 2 survivors (2048K)
 Metaspace       used 98033K, committed 99008K, reserved 557056K
  class space    used 13699K, committed 14144K, reserved 425984K
}
Event: 109.174 GC heap after
{Heap after GC invocations=77 (full 0):
 garbage-first heap   total 190464K, used 159388K [0x0000000080000000, 0x0000000100000000)
  region size 1024K, 1 young (1024K), 1 survivors (1024K)
 Metaspace       used 98033K, committed 99008K, reserved 557056K
  class space    used 13699K, committed 14144K, reserved 425984K
}
Event: 109.531 GC heap before
{Heap before GC invocations=77 (full 0):
 garbage-first heap   total 190464K, used 167580K [0x0000000080000000, 0x0000000100000000)
  region size 1024K, 9 young (9216K), 1 survivors (1024K)
 Metaspace       used 98050K, committed 99008K, reserved 557056K
  class space    used 13699K, committed 14144K, reserved 425984K
}
Event: 109.535 GC heap after
{Heap after GC invocations=78 (full 0):
 garbage-first heap   total 229376K, used 159825K [0x0000000080000000, 0x0000000100000000)
  region size 1024K, 2 young (2048K), 2 survivors (2048K)
 Metaspace       used 98050K, committed 99008K, reserved 557056K
  class space    used 13699K, committed 14144K, reserved 425984K
}

